\BOOKMARK [0][-]{section*.1}{\376\377\000D\000a\000f\000t\000a\000r\000\040\000I\000s\000i}{}% 1
\BOOKMARK [0][-]{section*.2}{\376\377\000D\000a\000f\000t\000a\000r\000\040\000G\000a\000m\000b\000a\000r}{}% 2
\BOOKMARK [0][-]{chapter.1}{\376\377\000P\000e\000n\000d\000a\000h\000u\000l\000u\000a\000n}{}% 3
\BOOKMARK [1][-]{section.1.1}{\376\377\000L\000a\000t\000a\000r\000\040\000B\000e\000l\000a\000k\000a\000n\000g}{chapter.1}% 4
\BOOKMARK [1][-]{section.1.2}{\376\377\000R\000u\000m\000u\000s\000a\000n\000\040\000M\000a\000s\000a\000l\000a\000h}{chapter.1}% 5
\BOOKMARK [1][-]{section.1.3}{\376\377\000T\000u\000j\000u\000a\000n}{chapter.1}% 6
\BOOKMARK [1][-]{section.1.4}{\376\377\000B\000a\000t\000a\000s\000a\000n\000\040\000M\000a\000s\000a\000l\000a\000h}{chapter.1}% 7
\BOOKMARK [1][-]{section.1.5}{\376\377\000M\000e\000t\000o\000d\000o\000l\000o\000g\000i}{chapter.1}% 8
\BOOKMARK [1][-]{section.1.6}{\376\377\000S\000i\000s\000t\000e\000m\000a\000t\000i\000k\000a\000\040\000P\000e\000m\000b\000a\000h\000a\000s\000a\000n}{chapter.1}% 9
\BOOKMARK [0][-]{chapter.2}{\376\377\000L\000a\000n\000d\000a\000s\000a\000n\000\040\000T\000e\000o\000r\000i}{}% 10
\BOOKMARK [1][-]{section.2.1}{\376\377\000H\000T\000T\000P\000\040\000R\000F\000C\0009\0001\0001\0000}{chapter.2}% 11
\BOOKMARK [2][-]{subsection.2.1.1}{\376\377\000M\000e\000t\000o\000d\000e\000\040\000H\000T\000T\000P}{section.2.1}% 12
\BOOKMARK [2][-]{subsection.2.1.2}{\376\377\000K\000o\000d\000e\000\040\000S\000t\000a\000t\000u\000s\000\040\000H\000T\000T\000P}{section.2.1}% 13
\BOOKMARK [1][-]{section.2.2}{\376\377\000U\000R\000I\000\040\000R\000F\000C\0003\0009\0008\0006}{chapter.2}% 14
\BOOKMARK [2][-]{subsection.2.2.1}{\376\377\000S\000t\000r\000u\000k\000t\000u\000r\000\040\000S\000i\000n\000t\000a\000k\000s\000\040\000U\000R\000L}{section.2.2}% 15
\BOOKMARK [2][-]{subsection.2.2.2}{\376\377\000K\000a\000t\000e\000g\000o\000r\000i\000\040\000K\000a\000r\000a\000k\000t\000e\000r\000\040\000d\000a\000n\000\040\000P\000e\000r\000c\000e\000n\000t\000-\000E\000n\000c\000o\000d\000i\000n\000g}{section.2.2}% 16
\BOOKMARK [2][-]{subsection.2.2.3}{\376\377\000R\000e\000f\000e\000r\000e\000n\000s\000i\000\040\000A\000b\000s\000o\000l\000u\000t\000\040\000d\000a\000n\000\040\000R\000e\000l\000a\000t\000i\000f}{section.2.2}% 17
\BOOKMARK [1][-]{section.2.3}{\376\377\000H\000T\000M\000L\000\040\000p\000o\000w\000e\000l\000l\000:\0001\0000\000:\000h\000t\000m\000l\000c\000s\000s}{chapter.2}% 18
\BOOKMARK [2][-]{subsection.2.3.1}{\376\377\000S\000t\000r\000u\000k\000t\000u\000r\000\040\000D\000a\000s\000a\000r\000\040\000H\000T\000M\000L}{section.2.3}% 19
\BOOKMARK [2][-]{subsection.2.3.2}{\376\377\000E\000l\000e\000m\000e\000n\000\040\000S\000e\000m\000a\000n\000t\000i\000k\000\040\000d\000a\000n\000\040\000N\000o\000n\000-\000S\000e\000m\000a\000n\000t\000i\000k}{section.2.3}% 20
\BOOKMARK [2][-]{subsection.2.3.3}{\376\377\000A\000t\000r\000i\000b\000u\000t\000\040\000G\000l\000o\000b\000a\000l\000\040\000d\000a\000n\000\040\000S\000p\000e\000s\000i\000f\000i\000k}{section.2.3}% 21
\BOOKMARK [1][-]{section.2.4}{\376\377\000W\000e\000b\000\040\000C\000r\000a\000w\000l\000i\000n\000g\000\040\000l\000i\000u\000:\0001\0001\000:\000w\000e\000b\000d\000a\000t\000a\000m\000i\000n\000i\000n\000g}{chapter.2}% 22
\BOOKMARK [2][-]{subsection.2.4.1}{\376\377\000A\000l\000g\000o\000r\000i\000t\000m\000a\000\040\000C\000r\000a\000w\000l\000i\000n\000g}{section.2.4}% 23
\BOOKMARK [2][-]{subsection.2.4.2}{\376\377\000J\000e\000n\000i\000s\000-\000J\000e\000n\000i\000s\000\040\000C\000r\000a\000w\000l\000e\000r}{section.2.4}% 24
\BOOKMARK [2][-]{subsection.2.4.3}{\376\377\000T\000a\000n\000t\000a\000n\000g\000a\000n\000\040\000I\000m\000p\000l\000e\000m\000e\000n\000t\000a\000s\000i}{section.2.4}% 25
\BOOKMARK [2][-]{subsection.2.4.4}{\376\377\000E\000t\000i\000k\000a\000\040\000d\000a\000n\000\040\000K\000e\000p\000a\000t\000u\000h\000a\000n}{section.2.4}% 26
\BOOKMARK [1][-]{section.2.5}{\376\377\000J\000a\000v\000a\000F\000X\000\040\000s\000h\000a\000r\000a\000n\000:\0002\0002\000:\000l\000e\000a\000r\000n\000j\000a\000v\000a\000f\000x\0001\0007}{chapter.2}% 27
\BOOKMARK [2][-]{subsection.2.5.1}{\376\377\000S\000i\000k\000l\000u\000s\000\040\000H\000i\000d\000u\000p\000\040\000A\000p\000l\000i\000k\000a\000s\000i}{section.2.5}% 28
\BOOKMARK [2][-]{subsection.2.5.2}{\376\377\000S\000t\000a\000g\000e\000,\000\040\000S\000c\000e\000n\000e\000,\000\040\000d\000a\000n\000\040\000N\000o\000d\000e}{section.2.5}% 29
\BOOKMARK [2][-]{subsection.2.5.3}{\376\377\000K\000o\000m\000p\000o\000n\000e\000n\000\040\000F\000X\000M\000L}{section.2.5}% 30
\BOOKMARK [2][-]{subsection.2.5.4}{\376\377\000C\000o\000n\000t\000r\000o\000l\000l\000e\000r\000,\000\040\000P\000r\000o\000p\000e\000r\000t\000y\000,\000\040\000d\000a\000n\000\040\000B\000i\000n\000d\000i\000n\000g}{section.2.5}% 31
\BOOKMARK [1][-]{section.2.6}{\376\377\000J\000s\000o\000u\000p}{chapter.2}% 32
\BOOKMARK [2][-]{subsection.2.6.1}{\376\377\000K\000e\000l\000a\000s\000\040\000U\000t\000a\000m\000a}{section.2.6}% 33
\BOOKMARK [2][-]{subsection.2.6.2}{\376\377\000C\000o\000n\000t\000o\000h\000\040\000K\000o\000d\000e\000\040\000P\000r\000o\000g\000r\000a\000m}{section.2.6}% 34
\BOOKMARK [1][-]{section.2.7}{\376\377\000J\000a\000v\000a\000\040\000H\000T\000T\000P\000\040\000C\000l\000i\000e\000n\000t\000\040\000A\000P\000I}{chapter.2}% 35
\BOOKMARK [2][-]{subsection.2.7.1}{\376\377\000H\000t\000t\000p\000C\000l\000i\000e\000n\000t}{section.2.7}% 36
\BOOKMARK [2][-]{subsection.2.7.2}{\376\377\000H\000t\000t\000p\000R\000e\000q\000u\000e\000s\000t}{section.2.7}% 37
\BOOKMARK [2][-]{subsection.2.7.3}{\376\377\000H\000t\000t\000p\000R\000e\000s\000p\000o\000n\000s\000e}{section.2.7}% 38
\BOOKMARK [2][-]{subsection.2.7.4}{\376\377\000H\000t\000t\000p\000H\000e\000a\000d\000e\000r\000s}{section.2.7}% 39
\BOOKMARK [2][-]{subsection.2.7.5}{\376\377\000C\000o\000n\000t\000o\000h\000\040\000K\000o\000d\000e\000\040\000P\000r\000o\000g\000r\000a\000m}{section.2.7}% 40
\BOOKMARK [0][-]{chapter.3}{\376\377\000A\000n\000a\000l\000i\000s\000i\000s}{}% 41
\BOOKMARK [1][-]{section.3.1}{\376\377\000A\000n\000a\000l\000i\000s\000i\000s\000\040\000M\000a\000s\000a\000l\000a\000h}{chapter.3}% 42
\BOOKMARK [2][-]{subsection.3.1.1}{\376\377\000T\000a\000u\000t\000a\000n\000\040\000R\000u\000s\000a\000k}{section.3.1}% 43
\BOOKMARK [2][-]{subsection.3.1.2}{\376\377\000W\000e\000b\000\040\000C\000r\000a\000w\000l\000i\000n\000g}{section.3.1}% 44
\BOOKMARK [1][-]{section.3.2}{\376\377\000A\000n\000a\000l\000i\000s\000i\000s\000\040\000S\000i\000s\000t\000e\000m\000\040\000S\000e\000r\000u\000p\000a}{chapter.3}% 45
\BOOKMARK [2][-]{subsection.3.2.1}{\376\377\000D\000e\000a\000d\000\040\000L\000i\000n\000k\000\040\000C\000h\000e\000c\000k\000e\000r}{section.3.2}% 46
\BOOKMARK [2][-]{subsection.3.2.2}{\376\377\000B\000r\000o\000k\000e\000n\000\040\000L\000i\000n\000k\000\040\000C\000h\000e\000c\000k\000e\000r}{section.3.2}% 47
\BOOKMARK [1][-]{section.3.3}{\376\377\000A\000n\000a\000l\000i\000s\000i\000s\000\040\000K\000e\000b\000u\000t\000u\000h\000a\000n}{chapter.3}% 48
\BOOKMARK [2][-]{subsection.3.3.1}{\376\377\000K\000e\000b\000u\000t\000u\000h\000a\000n\000\040\000F\000u\000n\000g\000s\000i\000o\000n\000a\000l}{section.3.3}% 49
\BOOKMARK [2][-]{subsection.3.3.2}{\376\377\000K\000e\000b\000u\000t\000u\000h\000a\000n\000\040\000N\000o\000n\000-\000F\000u\000n\000g\000s\000i\000o\000n\000a\000l}{section.3.3}% 50
\BOOKMARK [1][-]{section.3.4}{\376\377\000A\000n\000a\000l\000i\000s\000i\000s\000\040\000T\000e\000k\000n\000o\000l\000o\000g\000i\000\040\000y\000a\000n\000g\000\040\000D\000i\000g\000u\000n\000a\000k\000a\000n}{chapter.3}% 51
\BOOKMARK [2][-]{subsection.3.4.1}{\376\377\000J\000a\000v\000a\000F\000X}{section.3.4}% 52
\BOOKMARK [2][-]{subsection.3.4.2}{\376\377\000J\000s\000o\000u\000p}{section.3.4}% 53
\BOOKMARK [2][-]{subsection.3.4.3}{\376\377\000J\000a\000v\000a\000\040\000H\000T\000T\000P\000\040\000C\000l\000i\000e\000n\000t\000\040\000A\000P\000I}{section.3.4}% 54
\BOOKMARK [0][-]{chapter.4}{\376\377\000P\000e\000r\000a\000n\000c\000a\000n\000g\000a\000n}{}% 55
\BOOKMARK 